<?xml version='1.0' encoding='UTF-8'?>
<testsuite hostname="gabi" name="ar.edu.unq.pdes.todolist.MarkAsDoneSimulation" tests="1" errors="0" failures="1" skipped="0" time="12862.966" timestamp="2019-07-09T23:20:43">
                     <properties>
[...]
</properties>
                     <testcase classname="ar.edu.unq.pdes.todolist.MarkAsDoneSimulation" name="MarkAsDoneSimulation" time="12862.966">
                                                 <failure message="java.lang.UnsupportedOperationException: There were no requests sent during the simulation, reports won't be generated" type="sbt.ForkMain$ForkError">sbt.ForkMain$ForkError: java.lang.UnsupportedOperationException: There were no requests sent during the simulation, reports won't be generated
	at io.gatling.charts.report.ReportsGenerator.generateFor(ReportsGenerator.scala:49)
	at io.gatling.app.RunResultProcessor.generateReports(RunResultProcessor.scala:59)
	at io.gatling.app.RunResultProcessor.processRunResult(RunResultProcessor.scala:38)
	at io.gatling.app.Gatling$.start(Gatling.scala:81)
	at io.gatling.app.Gatling$.fromArgs(Gatling.scala:46)
	at io.gatling.sbt.GatlingTask.liftedTree1$1(GatlingTask.scala:52)
	at io.gatling.sbt.GatlingTask.execute(GatlingTask.scala:51)
	at sbt.ForkMain$Run.lambda$runTest$1(ForkMain.java:304)
	at java.base/java.util.concurrent.FutureTask.run(FutureTask.java:264)
	at java.base/java.util.concurrent.ThreadPoolExecutor.runWorker(ThreadPoolExecutor.java:1128)
	at java.base/java.util.concurrent.ThreadPoolExecutor$Worker.run(ThreadPoolExecutor.java:628)
	at java.base/java.lang.Thread.run(Thread.java:834)
</failure>
                                               </testcase>
                     <system-out><![CDATA[]]></system-out>
                     <system-err><![CDATA[]]></system-err>
                   </testsuite>